<?xml version="1.0" encoding="UTF-8"?>
<testsuite xmlns:xsi="http://www.w3.org/2001/XMLSchema-instance" xsi:schemaLocation="https://maven.apache.org/surefire/maven-surefire-plugin/xsd/surefire-test-report.xsd" name="cucumber.Options.TestRunner" time="26.687" tests="2" errors="0" skipped="0" failures="1">
  <properties>
    <property name="java.runtime.name" value="OpenJDK Runtime Environment"/>
    <property name="java.vm.version" value="11.0.15+10-Ubuntu-0ubuntu0.20.04.1"/>
    <property name="sun.boot.library.path" value="/usr/lib/jvm/java-11-openjdk-amd64/lib"/>
    <property name="maven.multiModuleProjectDirectory" value="/home/chinmayee/eclipse-workspace/WeavAI_API_Automation_BDD"/>
    <property name="java.vm.vendor" value="Private Build"/>
    <property name="java.vendor.url" value="Unknown"/>
    <property name="guice.disable.misplaced.annotation.check" value="true"/>
    <property name="path.separator" value=":"/>
    <property name="java.vm.name" value="OpenJDK 64-Bit Server VM"/>
    <property name="sun.os.patch.level" value="unknown"/>
    <property name="user.country" value="IN"/>
    <property name="sun.java.launcher" value="SUN_STANDARD"/>
    <property name="java.vm.specification.name" value="Java Virtual Machine Specification"/>
    <property name="user.dir" value="/home/chinmayee/eclipse-workspace/WeavAI_API_Automation_BDD"/>
    <property name="java.vm.compressedOopsMode" value="Zero based"/>
    <property name="java.runtime.version" value="11.0.15+10-Ubuntu-0ubuntu0.20.04.1"/>
    <property name="java.awt.graphicsenv" value="sun.awt.X11GraphicsEnvironment"/>
    <property name="os.arch" value="amd64"/>
    <property name="java.io.tmpdir" value="/tmp"/>
    <property name="line.separator" value="&#10;"/>
    <property name="java.vm.specification.vendor" value="Oracle Corporation"/>
    <property name="os.name" value="Linux"/>
    <property name="classworlds.conf" value="/home/chinmayee/apache-maven-3.8.5-bin/apache-maven-3.8.5/bin/m2.conf"/>
    <property name="sun.jnu.encoding" value="UTF-8"/>
    <property name="java.library.path" value="/usr/java/packages/lib:/usr/lib/x86_64-linux-gnu/jni:/lib/x86_64-linux-gnu:/usr/lib/x86_64-linux-gnu:/usr/lib/jni:/lib:/usr/lib"/>
    <property name="maven.conf" value="/home/chinmayee/apache-maven-3.8.5-bin/apache-maven-3.8.5/conf"/>
    <property name="jdk.debug" value="release"/>
    <property name="java.class.version" value="55.0"/>
    <property name="java.specification.name" value="Java Platform API Specification"/>
    <property name="sun.management.compiler" value="HotSpot 64-Bit Tiered Compilers"/>
    <property name="os.version" value="5.13.0-44-generic"/>
    <property name="library.jansi.path" value="/home/chinmayee/apache-maven-3.8.5-bin/apache-maven-3.8.5/lib/jansi-native"/>
    <property name="user.home" value="/home/chinmayee"/>
    <property name="user.timezone" value="Asia/Kolkata"/>
    <property name="java.awt.printerjob" value="sun.print.PSPrinterJob"/>
    <property name="file.encoding" value="UTF-8"/>
    <property name="java.specification.version" value="11"/>
    <property name="user.name" value="chinmayee"/>
    <property name="java.class.path" value="/home/chinmayee/apache-maven-3.8.5-bin/apache-maven-3.8.5/boot/plexus-classworlds-2.6.0.jar"/>
    <property name="java.vm.specification.version" value="11"/>
    <property name="sun.arch.data.model" value="64"/>
    <property name="sun.java.command" value="org.codehaus.plexus.classworlds.launcher.Launcher test verify"/>
    <property name="java.home" value="/usr/lib/jvm/java-11-openjdk-amd64"/>
    <property name="user.language" value="en"/>
    <property name="java.specification.vendor" value="Oracle Corporation"/>
    <property name="awt.toolkit" value="sun.awt.X11.XToolkit"/>
    <property name="java.vm.info" value="mixed mode, sharing"/>
    <property name="java.version" value="11.0.15"/>
    <property name="java.vendor" value="Private Build"/>
    <property name="maven.home" value="/home/chinmayee/apache-maven-3.8.5-bin/apache-maven-3.8.5"/>
    <property name="file.separator" value="/"/>
    <property name="java.version.date" value="2022-04-19"/>
    <property name="java.vendor.url.bug" value="Unknown"/>
    <property name="sun.io.unicode.encoding" value="UnicodeLittle"/>
    <property name="sun.cpu.endian" value="little"/>
    <property name="sun.desktop" value="gnome"/>
    <property name="sun.cpu.isalist" value=""/>
  </properties>
  <testcase name="Verify Configure_Connector passes positive test cases" classname="Validation of Configure_Connector and Update_Connector API" time="26.184">
    <failure type="java.lang.AssertionError">java.lang.AssertionError
</failure>
    <system-out><![CDATA[Request method:	POST
Request URI:	http://localhost:7002/api/v1/workspace/create
Proxy:			<none>
Request params:	<none>
Query params:	<none>
Form params:	<none>
Path params:	<none>
Headers:		Accept=*/*
				Content-Type=application/json
Cookies:		<none>
Multiparts:		<none>
Body:
{
    "name": "workspace_demo"
}
{
  "data": {
    "anonymous_data_collection": false, 
    "email": null, 
    "name": "workspace_demo", 
    "news": false, 
    "notifications": null, 
    "security_updates": false, 
    "workspace_id": "f496d02c-9213-4ccf-8f26-616ad37b01a2"
  }, 
  "status": {
    "code": 200, 
    "result": "success"
  }
}

Request method:	POST
Request URI:	http://localhost:7002/api/v1/connector/configure
Proxy:			<none>
Request params:	<none>
Query params:	<none>
Form params:	<none>
Path params:	<none>
Headers:		Accept=*/*
				Content-Type=application/json
Cookies:		<none>
Multiparts:		<none>
Body:
{
    "user_id": "Sheshan01",
    "workspace_id": "f496d02c-9213-4ccf-8f26-616ad37b01a2",
    "connector_name": "Pokeapi",
    "weav_dataset_name": "MainDataset",
    "user_defined_name": "Pokeapi_data5",
    "auth_method": "dummy",
    "auth_token": "dummy",
    "token_expiry_time": "dummy",
    "project_id": "Pokeapi_data5",
    "password": "dummy",
    "api_key": "dummy",
    "connection_configurations": {
        "pokemon_name": "bulbasaur"
    }
}
**********************************Resonse Data*************************************
{
  "data": {
    "connection_configurations": {
      "pokemon_name": "bulbasaur"
    }, 
    "connection_id": null, 
    "connector_id": "bc53f706-8041-4c97-be94-8a28216c669c", 
    "destination_id": "430eb4b7-0bac-4150-b5a2-b996c842a68d", 
    "id": "d924c6561ee54f95ab0026187fa581be", 
    "message": "Connector configured successfully", 
    "preview_strems": null, 
    "sample_path": null, 
    "sample_preview": null
  }, 
  "status": {
    "code": 200, 
    "result": "success"
  }
}

]]></system-out>
  </testcase>
  <testcase name="Verify Update_Connector passes positive test cases" classname="Validation of Configure_Connector and Update_Connector API" time="0.145"/>
</testsuite>